[debug] > Exec(;reload; set _root_.org.jetbrains.sbt.StructureKeys.sbtStructureOptions in Global := "download, resolveSourceClassifiers, insertProjectTransitiveDependencies" ;preferScala2;*/*:dumpStructureTo C:/Users/guptas76/AppData/Local/Temp/sbt-structure.xml; session clear-all ; set ideaPort in Global := 64506, None, None)
[debug] > Exec(reload, None, None)
[debug] > Exec(sbtStashOnFailure, None, None)
[debug] > Exec(onFailure loadFailed, None, None)
[debug] > Exec(loadp, None, None)
[info] welcome to sbt 1.4.7 (Oracle Corporation Java 1.8.0_431)
[debug] Load.defaultLoad until apply took 6.4646ms
[debug]           Load.loadUnit: plugins took 35.2491ms
[debug]           Load.loadUnit: defsScala took 0.0362ms
[debug] [Loading] Scanning directory C:\IJ\kafka-scala-project\project
[debug]             Load.loadUnit: mkEval took 0.865ms
[debug] [Loading] Found non-root projects 
[debug] [Loading] Done in C:\IJ\kafka-scala-project\project, returning: ()
[debug] deducing auto plugins based on known facts Set(Atom(sbt.plugins.CorePlugin)) and clauses Clauses(List(Clause(Atom(sbt.plugins.JvmPlugin),Set(Atom(sbt.plugins.IvyPlugin))), Clause(Atom(sbt.ScriptedPlugin),Set(Atom(sbt.plugins.JvmPlugin))), Clause(Atom(sbt.plugins.SbtPlugin),Set(Atom(sbt.ScriptedPlugin))), Clause(Atom(sbt.plugins.SemanticdbPlugin),Set(Atom(sbt.plugins.JvmPlugin))), Clause(Atom(sbt.plugins.JUnitXmlReportPlugin),Set(Atom(sbt.plugins.JvmPlugin))), Clause(Atom(sbt.plugins.MiniDependencyTreePlugin),Set(Atom(sbt.plugins.JvmPlugin))), Clause(Atom(sbt.plugins.CorePlugin),Set(Atom(sbt.plugins.IvyPlugin))), Clause(Atom(sbt.plugins.IvyPlugin),Set(Atom(sbt.plugins.JvmPlugin))), Clause(Atom(sbt.plugins.JvmPlugin),Set(Atom(sbt.plugins.SemanticdbPlugin))), Clause(Atom(sbt.plugins.JvmPlugin),Set(Atom(sbt.plugins.JUnitXmlReportPlugin))), Clause(Atom(sbt.plugins.CorePlugin),Set(Atom(sbt.plugins.Giter8TemplatePlugin))), Clause(Atom(sbt.plugins.JvmPlugin),Set(Atom(sbt.plugins.MiniDependencyTreePlugin)))))
[debug]   :: deduced result: Matched(sbt.plugins.CorePlugin,sbt.plugins.Giter8TemplatePlugin,sbt.plugins.IvyPlugin,sbt.plugins.JvmPlugin,sbt.plugins.MiniDependencyTreePlugin,sbt.plugins.JUnitXmlReportPlugin,sbt.plugins.SemanticdbPlugin)
[debug] Plugins.deducer#function took 1.886 ms
[info] loading settings for project kafka-scala-project-build from idea1.sbt ...
[debug]               Load.resolveProject(kafka-scala-project-build) took 4.2805ms
[debug]             Load.loadTransitive: finalizeProject(Project(id kafka-scala-project-build, base: C:\IJ\kafka-scala-project\project, plugins: List(<none>))) took 7.1525ms
[debug] [Loading] Done in C:\IJ\kafka-scala-project\project, returning: (kafka-scala-project-build)
[debug]           Load.loadUnit: loadedProjectsRaw took 61.7028ms
[debug]           Load.loadUnit: cleanEvalClasses took 1.3778ms
[debug]         Load.loadUnit(file:/C:/IJ/kafka-scala-project/project/, ...) took 98.872ms
[debug]       Load.apply: load took 101.1105ms
[debug]       Load.apply: resolveProjects took 0.1913ms
[debug]       Load.apply: finalTransforms took 8.9903ms
[debug]       Load.apply: config.delegates took 0.4523ms
[debug]       Load.apply: Def.make(settings)... took 43.4003ms
[debug]       Load.apply: structureIndex took 12.2825ms
[debug]       Load.apply: mkStreams took 0.0154ms
[info] loading project definition from C:\IJ\kafka-scala-project\project
[debug] Running task... Cancel: Signal, check cycles: false, forcegc: true
[debug] Forcing garbage collection...
[debug]     Load.loadUnit: plugins took 1164.993ms
[debug]     Load.loadUnit: defsScala took 0.0027ms
[debug] [Loading] Scanning directory C:\IJ\kafka-scala-project
[debug]       Load.loadUnit: mkEval took 0.2191ms
[debug] [Loading] Found root project root w/ remaining 
[debug] deducing auto plugins based on known facts Set(Atom(sbt.plugins.CorePlugin)) and clauses Clauses(List(Clause(Atom(sbt.plugins.JvmPlugin),Set(Atom(sbt.plugins.IvyPlugin))), Clause(Atom(sbt.ScriptedPlugin),Set(Atom(sbt.plugins.JvmPlugin))), Clause(Atom(sbt.plugins.SbtPlugin),Set(Atom(sbt.ScriptedPlugin))), Clause(Atom(sbt.plugins.SemanticdbPlugin),Set(Atom(sbt.plugins.JvmPlugin))), Clause(Atom(sbt.plugins.JUnitXmlReportPlugin),Set(Atom(sbt.plugins.JvmPlugin))), Clause(Atom(sbt.plugins.MiniDependencyTreePlugin),Set(Atom(sbt.plugins.JvmPlugin))), Clause(Atom(org.jetbrains.sbt.StructurePlugin),Set(Atom(sbt.plugins.JvmPlugin))), Clause(Atom(org.jetbrains.sbt.IdeaShellPlugin),Set(Atom(sbt.plugins.JvmPlugin))), Clause(Atom(org.jetbrains.sbt.indices.SbtIntellijIndicesPlugin),Set(Atom(sbt.plugins.JvmPlugin))), Clause(Atom(sbt.plugins.CorePlugin),Set(Atom(sbt.plugins.IvyPlugin))), Clause(Atom(sbt.plugins.IvyPlugin),Set(Atom(sbt.plugins.JvmPlugin))), Clause(Atom(sbt.plugins.JvmPlugin),Set(Atom(sbt.plugins.SemanticdbPlugin))), Clause(Atom(sbt.plugins.JvmPlugin),Set(Atom(sbt.plugins.JUnitXmlReportPlugin))), Clause(Atom(sbt.plugins.CorePlugin),Set(Atom(sbt.plugins.Giter8TemplatePlugin))), Clause(Atom(sbt.plugins.JvmPlugin),Set(Atom(sbt.plugins.MiniDependencyTreePlugin))), Clause(Atom(sbt.plugins.JvmPlugin),Set(Atom(org.jetbrains.sbt.StructurePlugin))), Clause(Atom(sbt.plugins.JvmPlugin),Set(Atom(org.jetbrains.sbt.IdeaShellPlugin))), Clause(And(Set(Atom(sbt.plugins.CorePlugin), Atom(sbt.plugins.JvmPlugin))),Set(Atom(org.jetbrains.sbt.indices.SbtIntellijIndicesPlugin)))))
[debug]   :: deduced result: Matched(sbt.plugins.CorePlugin,sbt.plugins.Giter8TemplatePlugin,sbt.plugins.IvyPlugin,sbt.plugins.JvmPlugin,sbt.plugins.SemanticdbPlugin,org.jetbrains.sbt.indices.SbtIntellijIndicesPlugin,sbt.plugins.JUnitXmlReportPlugin,org.jetbrains.sbt.IdeaShellPlugin,org.jetbrains.sbt.StructurePlugin,sbt.plugins.MiniDependencyTreePlugin)
[debug] Plugins.deducer#function took 0.9521 ms
[info] loading settings for project root from build.sbt ...
[debug]         Load.resolveProject(root) took 29.1753ms
[debug]       Load.loadTransitive: finalizeProject(Project(id root, base: C:\IJ\kafka-scala-project, plugins: List(<none>))) took 30.5933ms
[debug] [Loading] Done in C:\IJ\kafka-scala-project, returning: (root)
[debug]     Load.loadUnit: loadedProjectsRaw took 640.1021ms
[debug]     Load.loadUnit: cleanEvalClasses took 6.2532ms
[debug]   Load.loadUnit(file:/C:/IJ/kafka-scala-project/, ...) took 1811.9015ms
[debug] Load.apply: load took 1815.4116ms
[debug] Load.apply: resolveProjects took 0.0898ms
[debug] Load.apply: finalTransforms took 21.0276ms
[debug] Load.apply: config.delegates took 0.4572ms
[debug] Load.apply: Def.make(settings)... took 38.5959ms
[debug] Load.apply: structureIndex took 14.3181ms
[debug] Load.apply: mkStreams took 0.0032ms
[warn] Discarding 1 session setting.  Use 'session save' to persist session settings.
[info] set current project to kafka-scala-project (in build file:/C:/IJ/kafka-scala-project/)
[debug] > Exec(sbtPopOnFailure, None, None)
[debug] > Exec(resumeFromFailure, None, None)
[debug] > Exec(set _root_.org.jetbrains.sbt.StructureKeys.sbtStructureOptions in Global := "download, resolveSourceClassifiers, insertProjectTransitiveDependencies", None, None)
[info] Defining Global / sbtStructureOptions
[info] The new value will be used by Global / ssOptions
[debug] Defining 
[debug] 	Global / sbtStructureOptions
[debug] 
[debug] The new value will be used by 
[debug] 	Global / ssOptions
[info] Reapplying settings...
[info] set current project to kafka-scala-project (in build file:/C:/IJ/kafka-scala-project/)
[debug] > Exec(preferScala2, None, None)
[debug] > Exec(*/*:dumpStructureTo C:/Users/guptas76/AppData/Local/Temp/sbt-structure.xml, None, None)
[debug] Evaluating tasks: Global / dumpStructureTo
[debug] Running task... Cancel: Signal, check cycles: false, forcegc: true
[info] downloading https://artifactory.internal.cba/maven-central/org/json4s/json4s-native_2.12/4.0.6/json4s-native_2.12-4.0.6.pom
[info] downloading https://artifactory.internal.cba/maven-central/com/typesafe/config/1.4.2/config-1.4.2.pom
[info] downloaded https://artifactory.internal.cba/maven-central/com/typesafe/config/1.4.2/config-1.4.2.pom
[info] downloaded https://artifactory.internal.cba/maven-central/org/json4s/json4s-native_2.12/4.0.6/json4s-native_2.12-4.0.6.pom
[info] downloading https://artifactory.internal.cba/maven-central/org/json4s/json4s-core_2.12/4.0.6/json4s-core_2.12-4.0.6.pom
[info] downloading https://artifactory.internal.cba/maven-central/org/json4s/json4s-native-core_2.12/4.0.6/json4s-native-core_2.12-4.0.6.pom
[info] downloaded https://artifactory.internal.cba/maven-central/org/json4s/json4s-core_2.12/4.0.6/json4s-core_2.12-4.0.6.pom
[info] downloaded https://artifactory.internal.cba/maven-central/org/json4s/json4s-native-core_2.12/4.0.6/json4s-native-core_2.12-4.0.6.pom
[info] downloading https://artifactory.internal.cba/maven-central/org/json4s/json4s-ast_2.12/4.0.6/json4s-ast_2.12-4.0.6.pom
[info] downloading https://artifactory.internal.cba/maven-central/org/json4s/json4s-scalap_2.12/4.0.6/json4s-scalap_2.12-4.0.6.pom
[info] downloaded https://artifactory.internal.cba/maven-central/org/json4s/json4s-scalap_2.12/4.0.6/json4s-scalap_2.12-4.0.6.pom
[info] downloaded https://artifactory.internal.cba/maven-central/org/json4s/json4s-ast_2.12/4.0.6/json4s-ast_2.12-4.0.6.pom
[info] downloading https://artifactory.internal.cba/maven-central/org/json4s/json4s-native_2.12/4.0.6/json4s-native_2.12-4.0.6.jar
[info] downloading https://artifactory.internal.cba/maven-central/com/typesafe/config/1.4.2/config-1.4.2.jar
[info] downloading https://artifactory.internal.cba/maven-central/org/json4s/json4s-ast_2.12/4.0.6/json4s-ast_2.12-4.0.6.jar
[info] downloading https://artifactory.internal.cba/maven-central/org/json4s/json4s-scalap_2.12/4.0.6/json4s-scalap_2.12-4.0.6.jar
[info] downloading https://artifactory.internal.cba/maven-central/org/json4s/json4s-core_2.12/4.0.6/json4s-core_2.12-4.0.6.jar
[info] downloading https://artifactory.internal.cba/maven-central/org/json4s/json4s-native-core_2.12/4.0.6/json4s-native-core_2.12-4.0.6.jar
[info] downloaded https://artifactory.internal.cba/maven-central/org/json4s/json4s-native_2.12/4.0.6/json4s-native_2.12-4.0.6.jar
[info] downloaded https://artifactory.internal.cba/maven-central/com/typesafe/config/1.4.2/config-1.4.2.jar
[info] downloaded https://artifactory.internal.cba/maven-central/org/json4s/json4s-native-core_2.12/4.0.6/json4s-native-core_2.12-4.0.6.jar
[info] downloaded https://artifactory.internal.cba/maven-central/org/json4s/json4s-core_2.12/4.0.6/json4s-core_2.12-4.0.6.jar
[info] downloaded https://artifactory.internal.cba/maven-central/org/json4s/json4s-scalap_2.12/4.0.6/json4s-scalap_2.12-4.0.6.jar
[info] downloaded https://artifactory.internal.cba/maven-central/org/json4s/json4s-ast_2.12/4.0.6/json4s-ast_2.12-4.0.6.jar
[warn] There may be incompatibilities among your library dependencies; run 'evicted' to see detailed eviction warnings.
[info] downloading https://artifactory.internal.cba/maven-central/org/json4s/json4s-native_2.12/4.0.6/json4s-native_2.12-4.0.6-sources.jar
[info] downloading https://artifactory.internal.cba/maven-central/org/json4s/json4s-scalap_2.12/4.0.6/json4s-scalap_2.12-4.0.6-sources.jar
[info] downloading https://artifactory.internal.cba/maven-central/org/json4s/json4s-ast_2.12/4.0.6/json4s-ast_2.12-4.0.6-sources.jar
[info] downloading https://artifactory.internal.cba/maven-central/org/json4s/json4s-core_2.12/4.0.6/json4s-core_2.12-4.0.6-sources.jar
[info] downloading https://artifactory.internal.cba/maven-central/com/typesafe/config/1.4.2/config-1.4.2-sources.jar
[info] downloading https://artifactory.internal.cba/maven-central/org/json4s/json4s-native-core_2.12/4.0.6/json4s-native-core_2.12-4.0.6-sources.jar
[info] downloaded https://artifactory.internal.cba/maven-central/org/json4s/json4s-native_2.12/4.0.6/json4s-native_2.12-4.0.6-sources.jar
[info] downloaded https://artifactory.internal.cba/maven-central/org/json4s/json4s-scalap_2.12/4.0.6/json4s-scalap_2.12-4.0.6-sources.jar
[info] downloaded https://artifactory.internal.cba/maven-central/org/json4s/json4s-ast_2.12/4.0.6/json4s-ast_2.12-4.0.6-sources.jar
[info] downloaded https://artifactory.internal.cba/maven-central/org/json4s/json4s-core_2.12/4.0.6/json4s-core_2.12-4.0.6-sources.jar
[info] downloaded https://artifactory.internal.cba/maven-central/com/typesafe/config/1.4.2/config-1.4.2-sources.jar
[info] downloaded https://artifactory.internal.cba/maven-central/org/json4s/json4s-native-core_2.12/4.0.6/json4s-native-core_2.12-4.0.6-sources.jar
[warn] There may be incompatibilities among your library dependencies; run 'evicted' to see detailed eviction warnings.
[info] Writing structure to C:\Users\guptas76\AppData\Local\Temp\sbt-structure.xml...
[info] Done.
[success] Total time: 22 s, completed 6 Jan, 2025 10:23:31 PM
[debug] > Exec(session clear-all, None, None)
[info] Reapplying settings...
[info] set current project to kafka-scala-project (in build file:/C:/IJ/kafka-scala-project/)
[debug] > Exec(set ideaPort in Global := 64506, None, None)
[info] Defining Global / ideaPort
[info] The new value will be used by Compile / compile, Test / compile
[debug] Defining 
[debug] 	Global / ideaPort
[debug] 
[debug] The new value will be used by 
[debug] 	Compile / compile
[debug] 	Test / compile
[info] Reapplying settings...
[info] set current project to kafka-scala-project (in build file:/C:/IJ/kafka-scala-project/)
[debug] > Exec(idea-shell, None, None)
