[debug] > Exec(early(addDefaultCommands), None, None)
[debug] > Exec(addDefaultCommands, None, None)
[debug] > Exec(early(initialize), None, None)
[debug] > Exec(initialize, None, None)
[debug] > Exec(early(addPluginSbtFile="""C:\Users\guptas76\AppData\Local\Temp\idea.sbt"""), None, None)
[debug] > Exec(addPluginSbtFile="""C:\Users\guptas76\AppData\Local\Temp\idea.sbt""", None, None)
[debug] > Exec(boot, None, None)
[debug] > Exec(writeSbtVersion, None, None)
[debug] > Exec(reload, None, None)
[debug] > Exec(sbtStashOnFailure, None, None)
[debug] > Exec(onFailure loadFailed, None, None)
[debug] > Exec(loadp, None, None)
[info] welcome to sbt 1.4.7 (Oracle Corporation Java 1.8.0_431)
[debug] Load.defaultLoad until apply took 1291.7146ms
[debug]           Load.loadUnit: plugins took 139.2157ms
[debug]           Load.loadUnit: defsScala took 0.5929ms
[debug] [Loading] Scanning directory C:\IJ\kafka-scala-project\project
[debug]             Load.loadUnit: mkEval took 11.8782ms
[debug] [Loading] Found non-root projects 
[debug] [Loading] Done in C:\IJ\kafka-scala-project\project, returning: ()
[debug] deducing auto plugins based on known facts Set(Atom(sbt.plugins.CorePlugin)) and clauses Clauses(List(Clause(Atom(sbt.plugins.JvmPlugin),Set(Atom(sbt.plugins.IvyPlugin))), Clause(Atom(sbt.ScriptedPlugin),Set(Atom(sbt.plugins.JvmPlugin))), Clause(Atom(sbt.plugins.SbtPlugin),Set(Atom(sbt.ScriptedPlugin))), Clause(Atom(sbt.plugins.SemanticdbPlugin),Set(Atom(sbt.plugins.JvmPlugin))), Clause(Atom(sbt.plugins.JUnitXmlReportPlugin),Set(Atom(sbt.plugins.JvmPlugin))), Clause(Atom(sbt.plugins.MiniDependencyTreePlugin),Set(Atom(sbt.plugins.JvmPlugin))), Clause(Atom(sbt.plugins.CorePlugin),Set(Atom(sbt.plugins.IvyPlugin))), Clause(Atom(sbt.plugins.IvyPlugin),Set(Atom(sbt.plugins.JvmPlugin))), Clause(Atom(sbt.plugins.JvmPlugin),Set(Atom(sbt.plugins.SemanticdbPlugin))), Clause(Atom(sbt.plugins.JvmPlugin),Set(Atom(sbt.plugins.JUnitXmlReportPlugin))), Clause(Atom(sbt.plugins.CorePlugin),Set(Atom(sbt.plugins.Giter8TemplatePlugin))), Clause(Atom(sbt.plugins.JvmPlugin),Set(Atom(sbt.plugins.MiniDependencyTreePlugin)))))
[debug]   :: deduced result: Matched(sbt.plugins.CorePlugin,sbt.plugins.Giter8TemplatePlugin,sbt.plugins.IvyPlugin,sbt.plugins.JvmPlugin,sbt.plugins.MiniDependencyTreePlugin,sbt.plugins.JUnitXmlReportPlugin,sbt.plugins.SemanticdbPlugin)
[debug] Plugins.deducer#function took 33.7681 ms
[info] loading settings for project kafka-scala-project-build from idea.sbt ...
[debug]               Load.resolveProject(kafka-scala-project-build) took 78.4632ms
[debug]             Load.loadTransitive: finalizeProject(Project(id kafka-scala-project-build, base: C:\IJ\kafka-scala-project\project, plugins: List(<none>))) took 145.9934ms
[debug] [Loading] Done in C:\IJ\kafka-scala-project\project, returning: (kafka-scala-project-build)
[debug]           Load.loadUnit: loadedProjectsRaw took 554.1178ms
[debug]           Load.loadUnit: cleanEvalClasses took 12.4462ms
[debug]         Load.loadUnit(file:/C:/IJ/kafka-scala-project/project/, ...) took 716.6662ms
[debug]       Load.apply: load took 1027.7776ms
[debug]       Load.apply: resolveProjects took 8.058ms
[debug]       Load.apply: finalTransforms took 106.0537ms
[debug]       Load.apply: config.delegates took 14.2017ms
[debug]       Load.apply: Def.make(settings)... took 1230.4031ms
[debug]       Load.apply: structureIndex took 367.4679ms
[debug]       Load.apply: mkStreams took 3.5998ms
[info] loading project definition from C:\IJ\kafka-scala-project\project
[debug] Running task... Cancel: Signal, check cycles: false, forcegc: true
[debug]     Load.loadUnit: plugins took 7245.5227ms
[debug]     Load.loadUnit: defsScala took 0.0076ms
[debug] [Loading] Scanning directory C:\IJ\kafka-scala-project
[debug]       Load.loadUnit: mkEval took 0.4566ms
[debug] [Loading] Found root project root w/ remaining 
[debug] deducing auto plugins based on known facts Set(Atom(sbt.plugins.CorePlugin)) and clauses Clauses(List(Clause(Atom(sbt.plugins.JvmPlugin),Set(Atom(sbt.plugins.IvyPlugin))), Clause(Atom(sbt.ScriptedPlugin),Set(Atom(sbt.plugins.JvmPlugin))), Clause(Atom(sbt.plugins.SbtPlugin),Set(Atom(sbt.ScriptedPlugin))), Clause(Atom(sbt.plugins.SemanticdbPlugin),Set(Atom(sbt.plugins.JvmPlugin))), Clause(Atom(sbt.plugins.JUnitXmlReportPlugin),Set(Atom(sbt.plugins.JvmPlugin))), Clause(Atom(sbt.plugins.MiniDependencyTreePlugin),Set(Atom(sbt.plugins.JvmPlugin))), Clause(Atom(org.jetbrains.sbt.StructurePlugin),Set(Atom(sbt.plugins.JvmPlugin))), Clause(Atom(org.jetbrains.sbt.IdeaShellPlugin),Set(Atom(sbt.plugins.JvmPlugin))), Clause(Atom(org.jetbrains.sbt.indices.SbtIntellijIndicesPlugin),Set(Atom(sbt.plugins.JvmPlugin))), Clause(Atom(sbt.plugins.CorePlugin),Set(Atom(sbt.plugins.IvyPlugin))), Clause(Atom(sbt.plugins.IvyPlugin),Set(Atom(sbt.plugins.JvmPlugin))), Clause(Atom(sbt.plugins.JvmPlugin),Set(Atom(sbt.plugins.SemanticdbPlugin))), Clause(Atom(sbt.plugins.JvmPlugin),Set(Atom(sbt.plugins.JUnitXmlReportPlugin))), Clause(Atom(sbt.plugins.CorePlugin),Set(Atom(sbt.plugins.Giter8TemplatePlugin))), Clause(Atom(sbt.plugins.JvmPlugin),Set(Atom(sbt.plugins.MiniDependencyTreePlugin))), Clause(Atom(sbt.plugins.JvmPlugin),Set(Atom(org.jetbrains.sbt.StructurePlugin))), Clause(Atom(sbt.plugins.JvmPlugin),Set(Atom(org.jetbrains.sbt.IdeaShellPlugin))), Clause(And(Set(Atom(sbt.plugins.CorePlugin), Atom(sbt.plugins.JvmPlugin))),Set(Atom(org.jetbrains.sbt.indices.SbtIntellijIndicesPlugin)))))
[debug]   :: deduced result: Matched(sbt.plugins.CorePlugin,sbt.plugins.Giter8TemplatePlugin,sbt.plugins.IvyPlugin,sbt.plugins.JvmPlugin,sbt.plugins.SemanticdbPlugin,org.jetbrains.sbt.indices.SbtIntellijIndicesPlugin,sbt.plugins.JUnitXmlReportPlugin,org.jetbrains.sbt.IdeaShellPlugin,org.jetbrains.sbt.StructurePlugin,sbt.plugins.MiniDependencyTreePlugin)
[debug] Plugins.deducer#function took 3.2927 ms
[info] loading settings for project root from build.sbt ...
[debug]         Load.resolveProject(root) took 59.0745ms
[debug]       Load.loadTransitive: finalizeProject(Project(id root, base: C:\IJ\kafka-scala-project, plugins: List(<none>))) took 65.5811ms
[debug] [Loading] Done in C:\IJ\kafka-scala-project, returning: (root)
[debug]     Load.loadUnit: loadedProjectsRaw took 6490.277ms
[debug]     Load.loadUnit: cleanEvalClasses took 26.3537ms
[debug]   Load.loadUnit(file:/C:/IJ/kafka-scala-project/, ...) took 13764.4503ms
[debug] Load.apply: load took 13796.2538ms
[debug] Load.apply: resolveProjects took 0.1874ms
[debug] Load.apply: finalTransforms took 99.9731ms
[debug] Load.apply: config.delegates took 2.3779ms
[debug] Load.apply: Def.make(settings)... took 375.7859ms
[debug] Load.apply: structureIndex took 36.0548ms
[debug] Load.apply: mkStreams took 0.0046ms
[info] set current project to kafka-scala-project (in build file:/C:/IJ/kafka-scala-project/)
[debug] > Exec(sbtPopOnFailure, None, None)
[debug] > Exec(resumeFromFailure, None, None)
[debug] > Exec(notifyUsersAboutShell, None, None)
[debug] > Exec(iflast shell, None, None)
[debug] > Exec(; set ideaPort in Global := 62975 ; idea-shell, None, None)
[debug] > Exec(set ideaPort in Global := 62975, None, None)
[info] Defining Global / ideaPort
[info] The new value will be used by Compile / compile, Test / compile
[debug] Defining 
[debug] 	Global / ideaPort
[debug] 
[debug] The new value will be used by 
[debug] 	Compile / compile
[debug] 	Test / compile
[info] Reapplying settings...
[info] set current project to kafka-scala-project (in build file:/C:/IJ/kafka-scala-project/)
[debug] > Exec(idea-shell, None, None)
